[INFO] Scanning for projects...
[INFO] 
[INFO] -----------------------< com.raks:raksanalyzer >------------------------
[INFO] Building RaksAnalyzer 1.0.0
[INFO]   from pom.xml
[INFO] --------------------------------[ jar ]---------------------------------
[INFO] 
[INFO] --- resources:3.3.1:resources (default-resources) @ raksanalyzer ---
[INFO] Copying 584 resources from src\main\resources to target\classes
[INFO] 
[INFO] --- compiler:3.12.1:compile (default-compile) @ raksanalyzer ---
[INFO] Nothing to compile - all classes are up to date.
[INFO] 
[INFO] --- resources:3.3.1:testResources (default-testResources) @ raksanalyzer ---
[INFO] skip non existing resourceDirectory C:\raks\apiguard\raksanalyzer\src\test\resources
[INFO] 
[INFO] --- compiler:3.12.1:testCompile (default-testCompile) @ raksanalyzer ---
[INFO] Recompiling the module because of changed source code.
[INFO] Compiling 11 source files with javac [debug target 17] to target\test-classes
[INFO] /C:/raks/apiguard/raksanalyzer/src/test/java/com/raks/raksanalyzer/manual/VerifyDiagramsTest.java: C:\raks\apiguard\raksanalyzer\src\test\java\com\raks\raksanalyzer\manual\VerifyDiagramsTest.java uses unchecked or unsafe operations.
[INFO] /C:/raks/apiguard/raksanalyzer/src/test/java/com/raks/raksanalyzer/manual/VerifyDiagramsTest.java: Recompile with -Xlint:unchecked for details.
[INFO] 
[INFO] --- surefire:3.2.5:test (default-test) @ raksanalyzer ---
[INFO] Using auto detected provider org.apache.maven.surefire.junitplatform.JUnitPlatformProvider
[INFO] 
[INFO] -------------------------------------------------------
[INFO]  T E S T S
[INFO] -------------------------------------------------------
[INFO] Running com.raks.raksanalyzer.ApplicationTest
[INFO] Tests run: 3, Failures: 0, Errors: 0, Skipped: 0, Time elapsed: 0.126 s -- in com.raks.raksanalyzer.ApplicationTest
[INFO] Running com.raks.raksanalyzer.core.utils.PropertyResolverTest
2025-12-31 14:13:17 [main] WARN  c.r.r.core.utils.PropertyResolver - Circular property reference detected for key: prop1
[INFO] Tests run: 16, Failures: 0, Errors: 0, Skipped: 0, Time elapsed: 0.931 s -- in com.raks.raksanalyzer.core.utils.PropertyResolverTest
[INFO] Running com.raks.raksanalyzer.manual.ManualTibcoAnalysisTest
Starting Analysis on: c:/raks/apiguard/raksanalyzer/testdata/customerOrder
2025-12-31 14:13:17 [main] INFO  c.r.r.analyzer.tibco.TibcoAnalyzer - Starting Tibco BW5 project analysis: c:\raks\apiguard\raksanalyzer\testdata\customerOrder
2025-12-31 14:13:17 [main] WARN  c.r.r.analyzer.tibco.TibcoAnalyzer - Error searching for TIBCO project folder: c:\raks\apiguard\raksanalyzer\testdata\customerOrder
2025-12-31 14:13:17 [main] INFO  c.r.r.analyzer.tibco.TibcoAnalyzer - Parsing global variables with flexible resolution...
2025-12-31 14:13:17 [main] WARN  c.r.r.core.utils.FileUtils - Failed to visit file: c:\raks\apiguard\raksanalyzer\testdata\customerOrder
java.nio.file.NoSuchFileException: c:\raks\apiguard\raksanalyzer\testdata\customerOrder
	at java.base/sun.nio.fs.WindowsException.translateToIOException(WindowsException.java:85)
	at java.base/sun.nio.fs.WindowsException.rethrowAsIOException(WindowsException.java:103)
	at java.base/sun.nio.fs.WindowsException.rethrowAsIOException(WindowsException.java:108)
	at java.base/sun.nio.fs.WindowsFileAttributeViews$Basic.readAttributes(WindowsFileAttributeViews.java:53)
	at java.base/sun.nio.fs.WindowsFileAttributeViews$Basic.readAttributes(WindowsFileAttributeViews.java:38)
	at java.base/sun.nio.fs.WindowsFileSystemProvider.readAttributes(WindowsFileSystemProvider.java:199)
	at java.base/java.nio.file.Files.readAttributes(Files.java:1851)
	at java.base/java.nio.file.FileTreeWalker.getAttributes(FileTreeWalker.java:220)
	at java.base/java.nio.file.FileTreeWalker.visit(FileTreeWalker.java:277)
	at java.base/java.nio.file.FileTreeWalker.walk(FileTreeWalker.java:323)
	at java.base/java.nio.file.Files.walkFileTree(Files.java:2804)
	at java.base/java.nio.file.Files.walkFileTree(Files.java:2882)
	at com.raks.raksanalyzer.core.utils.FileUtils.findFiles(FileUtils.java:50)
	at com.raks.raksanalyzer.util.TibcoConfigParser.parseGlobalVariables(TibcoConfigParser.java:32)
	at com.raks.raksanalyzer.analyzer.tibco.TibcoAnalyzer.parseGlobalVariables(TibcoAnalyzer.java:238)
	at com.raks.raksanalyzer.analyzer.tibco.TibcoAnalyzer.analyze(TibcoAnalyzer.java:72)
	at com.raks.raksanalyzer.manual.ManualTibcoAnalysisTest.generateFullTibcoReport(ManualTibcoAnalysisTest.java:14)
	at java.base/jdk.internal.reflect.NativeMethodAccessorImpl.invoke0(Native Method)
	at java.base/jdk.internal.reflect.NativeMethodAccessorImpl.invoke(NativeMethodAccessorImpl.java:77)
	at java.base/jdk.internal.reflect.DelegatingMethodAccessorImpl.invoke(DelegatingMethodAccessorImpl.java:43)
	at java.base/java.lang.reflect.Method.invoke(Method.java:568)
	at org.junit.platform.commons.util.ReflectionUtils.invokeMethod(ReflectionUtils.java:728)
	at org.junit.jupiter.engine.execution.MethodInvocation.proceed(MethodInvocation.java:60)
	at org.junit.jupiter.engine.execution.InvocationInterceptorChain$ValidatingInvocation.proceed(InvocationInterceptorChain.java:131)
	at org.junit.jupiter.engine.extension.TimeoutExtension.intercept(TimeoutExtension.java:156)
	at org.junit.jupiter.engine.extension.TimeoutExtension.interceptTestableMethod(TimeoutExtension.java:147)
	at org.junit.jupiter.engine.extension.TimeoutExtension.interceptTestMethod(TimeoutExtension.java:86)
	at org.junit.jupiter.engine.execution.InterceptingExecutableInvoker$ReflectiveInterceptorCall.lambda$ofVoidMethod$0(InterceptingExecutableInvoker.java:103)
	at org.junit.jupiter.engine.execution.InterceptingExecutableInvoker.lambda$invoke$0(InterceptingExecutableInvoker.java:93)
	at org.junit.jupiter.engine.execution.InvocationInterceptorChain$InterceptedInvocation.proceed(InvocationInterceptorChain.java:106)
	at org.junit.jupiter.engine.execution.InvocationInterceptorChain.proceed(InvocationInterceptorChain.java:64)
	at org.junit.jupiter.engine.execution.InvocationInterceptorChain.chainAndInvoke(InvocationInterceptorChain.java:45)
	at org.junit.jupiter.engine.execution.InvocationInterceptorChain.invoke(InvocationInterceptorChain.java:37)
	at org.junit.jupiter.engine.execution.InterceptingExecutableInvoker.invoke(InterceptingExecutableInvoker.java:92)
	at org.junit.jupiter.engine.execution.InterceptingExecutableInvoker.invoke(InterceptingExecutableInvoker.java:86)
	at org.junit.jupiter.engine.descriptor.TestMethodTestDescriptor.lambda$invokeTestMethod$7(TestMethodTestDescriptor.java:218)
	at org.junit.platform.engine.support.hierarchical.ThrowableCollector.execute(ThrowableCollector.java:73)
	at org.junit.jupiter.engine.descriptor.TestMethodTestDescriptor.invokeTestMethod(TestMethodTestDescriptor.java:214)
	at org.junit.jupiter.engine.descriptor.TestMethodTestDescriptor.execute(TestMethodTestDescriptor.java:139)
	at org.junit.jupiter.engine.descriptor.TestMethodTestDescriptor.execute(TestMethodTestDescriptor.java:69)
	at org.junit.platform.engine.support.hierarchical.NodeTestTask.lambda$executeRecursively$6(NodeTestTask.java:151)
	at org.junit.platform.engine.support.hierarchical.ThrowableCollector.execute(ThrowableCollector.java:73)
	at org.junit.platform.engine.support.hierarchical.NodeTestTask.lambda$executeRecursively$8(NodeTestTask.java:141)
	at org.junit.platform.engine.support.hierarchical.Node.around(Node.java:137)
	at org.junit.platform.engine.support.hierarchical.NodeTestTask.lambda$executeRecursively$9(NodeTestTask.java:139)
	at org.junit.platform.engine.support.hierarchical.ThrowableCollector.execute(ThrowableCollector.java:73)
	at org.junit.platform.engine.support.hierarchical.NodeTestTask.executeRecursively(NodeTestTask.java:138)
	at org.junit.platform.engine.support.hierarchical.NodeTestTask.execute(NodeTestTask.java:95)
	at java.base/java.util.ArrayList.forEach(ArrayList.java:1511)
	at org.junit.platform.engine.support.hierarchical.SameThreadHierarchicalTestExecutorService.invokeAll(SameThreadHierarchicalTestExecutorService.java:41)
	at org.junit.platform.engine.support.hierarchical.NodeTestTask.lambda$executeRecursively$6(NodeTestTask.java:155)
	at org.junit.platform.engine.support.hierarchical.ThrowableCollector.execute(ThrowableCollector.java:73)
	at org.junit.platform.engine.support.hierarchical.NodeTestTask.lambda$executeRecursively$8(NodeTestTask.java:141)
	at org.junit.platform.engine.support.hierarchical.Node.around(Node.java:137)
	at org.junit.platform.engine.support.hierarchical.NodeTestTask.lambda$executeRecursively$9(NodeTestTask.java:139)
	at org.junit.platform.engine.support.hierarchical.ThrowableCollector.execute(ThrowableCollector.java:73)
	at org.junit.platform.engine.support.hierarchical.NodeTestTask.executeRecursively(NodeTestTask.java:138)
	at org.junit.platform.engine.support.hierarchical.NodeTestTask.execute(NodeTestTask.java:95)
	at java.base/java.util.ArrayList.forEach(ArrayList.java:1511)
	at org.junit.platform.engine.support.hierarchical.SameThreadHierarchicalTestExecutorService.invokeAll(SameThreadHierarchicalTestExecutorService.java:41)
	at org.junit.platform.engine.support.hierarchical.NodeTestTask.lambda$executeRecursively$6(NodeTestTask.java:155)
	at org.junit.platform.engine.support.hierarchical.ThrowableCollector.execute(ThrowableCollector.java:73)
	at org.junit.platform.engine.support.hierarchical.NodeTestTask.lambda$executeRecursively$8(NodeTestTask.java:141)
	at org.junit.platform.engine.support.hierarchical.Node.around(Node.java:137)
	at org.junit.platform.engine.support.hierarchical.NodeTestTask.lambda$executeRecursively$9(NodeTestTask.java:139)
	at org.junit.platform.engine.support.hierarchical.ThrowableCollector.execute(ThrowableCollector.java:73)
	at org.junit.platform.engine.support.hierarchical.NodeTestTask.executeRecursively(NodeTestTask.java:138)
	at org.junit.platform.engine.support.hierarchical.NodeTestTask.execute(NodeTestTask.java:95)
	at org.junit.platform.engine.support.hierarchical.SameThreadHierarchicalTestExecutorService.submit(SameThreadHierarchicalTestExecutorService.java:35)
	at org.junit.platform.engine.support.hierarchical.HierarchicalTestExecutor.execute(HierarchicalTestExecutor.java:57)
	at org.junit.platform.engine.support.hierarchical.HierarchicalTestEngine.execute(HierarchicalTestEngine.java:54)
	at org.junit.platform.launcher.core.EngineExecutionOrchestrator.execute(EngineExecutionOrchestrator.java:198)
	at org.junit.platform.launcher.core.EngineExecutionOrchestrator.execute(EngineExecutionOrchestrator.java:169)
	at org.junit.platform.launcher.core.EngineExecutionOrchestrator.execute(EngineExecutionOrchestrator.java:93)
	at org.junit.platform.launcher.core.EngineExecutionOrchestrator.lambda$execute$0(EngineExecutionOrchestrator.java:58)
	at org.junit.platform.launcher.core.EngineExecutionOrchestrator.withInterceptedStreams(EngineExecutionOrchestrator.java:141)
	at org.junit.platform.launcher.core.EngineExecutionOrchestrator.execute(EngineExecutionOrchestrator.java:57)
	at org.junit.platform.launcher.core.DefaultLauncher.execute(DefaultLauncher.java:103)
	at org.junit.platform.launcher.core.DefaultLauncher.execute(DefaultLauncher.java:85)
	at org.junit.platform.launcher.core.DelegatingLauncher.execute(DelegatingLauncher.java:47)
	at org.apache.maven.surefire.junitplatform.LazyLauncher.execute(LazyLauncher.java:56)
	at org.apache.maven.surefire.junitplatform.JUnitPlatformProvider.execute(JUnitPlatformProvider.java:184)
	at org.apache.maven.surefire.junitplatform.JUnitPlatformProvider.invokeAllTests(JUnitPlatformProvider.java:148)
	at org.apache.maven.surefire.junitplatform.JUnitPlatformProvider.invoke(JUnitPlatformProvider.java:122)
	at org.apache.maven.surefire.booter.ForkedBooter.runSuitesInProcess(ForkedBooter.java:385)
	at org.apache.maven.surefire.booter.ForkedBooter.execute(ForkedBooter.java:162)
	at org.apache.maven.surefire.booter.ForkedBooter.run(ForkedBooter.java:507)
	at org.apache.maven.surefire.booter.ForkedBooter.main(ForkedBooter.java:495)
2025-12-31 14:13:17 [main] WARN  c.r.r.util.TibcoConfigParser - No global variable configuration found
2025-12-31 14:13:17 [main] WARN  c.r.r.analyzer.tibco.TibcoAnalyzer - No global variables found in project
2025-12-31 14:13:17 [main] INFO  c.r.r.analyzer.tibco.TibcoAnalyzer - Identified 0 adapter types and 0 plugin types
2025-12-31 14:13:17 [main] WARN  c.r.r.core.utils.FileUtils - Directory does not exist: c:\raks\apiguard\raksanalyzer\testdata\customerOrder
2025-12-31 14:13:17 [main] INFO  c.r.r.analyzer.tibco.TibcoAnalyzer - Found 0 process files
2025-12-31 14:13:17 [main] WARN  c.r.r.core.utils.FileUtils - Directory does not exist: c:\raks\apiguard\raksanalyzer\testdata\customerOrder
2025-12-31 14:13:17 [main] INFO  c.r.r.analyzer.tibco.TibcoAnalyzer - Parsed 0 REST services
2025-12-31 14:13:17 [main] INFO  c.r.r.c.config.ConfigurationManager - Configuration loaded: 199 total properties
2025-12-31 14:13:17 [main] ERROR c.r.r.analyzer.tibco.TibcoAnalyzer - Failed to generate file inventory
java.nio.file.NoSuchFileException: c:\raks\apiguard\raksanalyzer\testdata\customerOrder
	at java.base/sun.nio.fs.WindowsException.translateToIOException(WindowsException.java:85)
	at java.base/sun.nio.fs.WindowsException.rethrowAsIOException(WindowsException.java:103)
	at java.base/sun.nio.fs.WindowsException.rethrowAsIOException(WindowsException.java:108)
	at java.base/sun.nio.fs.WindowsFileAttributeViews$Basic.readAttributes(WindowsFileAttributeViews.java:53)
	at java.base/sun.nio.fs.WindowsFileAttributeViews$Basic.readAttributes(WindowsFileAttributeViews.java:38)
	at java.base/sun.nio.fs.WindowsFileSystemProvider.readAttributes(WindowsFileSystemProvider.java:199)
	at java.base/java.nio.file.Files.readAttributes(Files.java:1851)
	at java.base/java.nio.file.FileTreeWalker.getAttributes(FileTreeWalker.java:220)
	at java.base/java.nio.file.FileTreeWalker.visit(FileTreeWalker.java:277)
	at java.base/java.nio.file.FileTreeWalker.walk(FileTreeWalker.java:323)
	at java.base/java.nio.file.FileTreeIterator.<init>(FileTreeIterator.java:71)
	at java.base/java.nio.file.Files.walk(Files.java:3918)
	at java.base/java.nio.file.Files.walk(Files.java:3973)
	at com.raks.raksanalyzer.analyzer.tibco.TibcoAnalyzer.generateFileInventory(TibcoAnalyzer.java:796)
	at com.raks.raksanalyzer.analyzer.tibco.TibcoAnalyzer.analyze(TibcoAnalyzer.java:81)
	at com.raks.raksanalyzer.manual.ManualTibcoAnalysisTest.generateFullTibcoReport(ManualTibcoAnalysisTest.java:14)
	at java.base/jdk.internal.reflect.NativeMethodAccessorImpl.invoke0(Native Method)
	at java.base/jdk.internal.reflect.NativeMethodAccessorImpl.invoke(NativeMethodAccessorImpl.java:77)
	at java.base/jdk.internal.reflect.DelegatingMethodAccessorImpl.invoke(DelegatingMethodAccessorImpl.java:43)
	at java.base/java.lang.reflect.Method.invoke(Method.java:568)
	at org.junit.platform.commons.util.ReflectionUtils.invokeMethod(ReflectionUtils.java:728)
	at org.junit.jupiter.engine.execution.MethodInvocation.proceed(MethodInvocation.java:60)
	at org.junit.jupiter.engine.execution.InvocationInterceptorChain$ValidatingInvocation.proceed(InvocationInterceptorChain.java:131)
	at org.junit.jupiter.engine.extension.TimeoutExtension.intercept(TimeoutExtension.java:156)
	at org.junit.jupiter.engine.extension.TimeoutExtension.interceptTestableMethod(TimeoutExtension.java:147)
	at org.junit.jupiter.engine.extension.TimeoutExtension.interceptTestMethod(TimeoutExtension.java:86)
	at org.junit.jupiter.engine.execution.InterceptingExecutableInvoker$ReflectiveInterceptorCall.lambda$ofVoidMethod$0(InterceptingExecutableInvoker.java:103)
	at org.junit.jupiter.engine.execution.InterceptingExecutableInvoker.lambda$invoke$0(InterceptingExecutableInvoker.java:93)
	at org.junit.jupiter.engine.execution.InvocationInterceptorChain$InterceptedInvocation.proceed(InvocationInterceptorChain.java:106)
	at org.junit.jupiter.engine.execution.InvocationInterceptorChain.proceed(InvocationInterceptorChain.java:64)
	at org.junit.jupiter.engine.execution.InvocationInterceptorChain.chainAndInvoke(InvocationInterceptorChain.java:45)
	at org.junit.jupiter.engine.execution.InvocationInterceptorChain.invoke(InvocationInterceptorChain.java:37)
	at org.junit.jupiter.engine.execution.InterceptingExecutableInvoker.invoke(InterceptingExecutableInvoker.java:92)
	at org.junit.jupiter.engine.execution.InterceptingExecutableInvoker.invoke(InterceptingExecutableInvoker.java:86)
	at org.junit.jupiter.engine.descriptor.TestMethodTestDescriptor.lambda$invokeTestMethod$7(TestMethodTestDescriptor.java:218)
	at org.junit.platform.engine.support.hierarchical.ThrowableCollector.execute(ThrowableCollector.java:73)
	at org.junit.jupiter.engine.descriptor.TestMethodTestDescriptor.invokeTestMethod(TestMethodTestDescriptor.java:214)
	at org.junit.jupiter.engine.descriptor.TestMethodTestDescriptor.execute(TestMethodTestDescriptor.java:139)
	at org.junit.jupiter.engine.descriptor.TestMethodTestDescriptor.execute(TestMethodTestDescriptor.java:69)
	at org.junit.platform.engine.support.hierarchical.NodeTestTask.lambda$executeRecursively$6(NodeTestTask.java:151)
	at org.junit.platform.engine.support.hierarchical.ThrowableCollector.execute(ThrowableCollector.java:73)
	at org.junit.platform.engine.support.hierarchical.NodeTestTask.lambda$executeRecursively$8(NodeTestTask.java:141)
	at org.junit.platform.engine.support.hierarchical.Node.around(Node.java:137)
	at org.junit.platform.engine.support.hierarchical.NodeTestTask.lambda$executeRecursively$9(NodeTestTask.java:139)
	at org.junit.platform.engine.support.hierarchical.ThrowableCollector.execute(ThrowableCollector.java:73)
	at org.junit.platform.engine.support.hierarchical.NodeTestTask.executeRecursively(NodeTestTask.java:138)
	at org.junit.platform.engine.support.hierarchical.NodeTestTask.execute(NodeTestTask.java:95)
	at java.base/java.util.ArrayList.forEach(ArrayList.java:1511)
	at org.junit.platform.engine.support.hierarchical.SameThreadHierarchicalTestExecutorService.invokeAll(SameThreadHierarchicalTestExecutorService.java:41)
	at org.junit.platform.engine.support.hierarchical.NodeTestTask.lambda$executeRecursively$6(NodeTestTask.java:155)
	at org.junit.platform.engine.support.hierarchical.ThrowableCollector.execute(ThrowableCollector.java:73)
	at org.junit.platform.engine.support.hierarchical.NodeTestTask.lambda$executeRecursively$8(NodeTestTask.java:141)
	at org.junit.platform.engine.support.hierarchical.Node.around(Node.java:137)
	at org.junit.platform.engine.support.hierarchical.NodeTestTask.lambda$executeRecursively$9(NodeTestTask.java:139)
	at org.junit.platform.engine.support.hierarchical.ThrowableCollector.execute(ThrowableCollector.java:73)
	at org.junit.platform.engine.support.hierarchical.NodeTestTask.executeRecursively(NodeTestTask.java:138)
	at org.junit.platform.engine.support.hierarchical.NodeTestTask.execute(NodeTestTask.java:95)
	at java.base/java.util.ArrayList.forEach(ArrayList.java:1511)
	at org.junit.platform.engine.support.hierarchical.SameThreadHierarchicalTestExecutorService.invokeAll(SameThreadHierarchicalTestExecutorService.java:41)
	at org.junit.platform.engine.support.hierarchical.NodeTestTask.lambda$executeRecursively$6(NodeTestTask.java:155)
	at org.junit.platform.engine.support.hierarchical.ThrowableCollector.execute(ThrowableCollector.java:73)
	at org.junit.platform.engine.support.hierarchical.NodeTestTask.lambda$executeRecursively$8(NodeTestTask.java:141)
	at org.junit.platform.engine.support.hierarchical.Node.around(Node.java:137)
	at org.junit.platform.engine.support.hierarchical.NodeTestTask.lambda$executeRecursively$9(NodeTestTask.java:139)
	at org.junit.platform.engine.support.hierarchical.ThrowableCollector.execute(ThrowableCollector.java:73)
	at org.junit.platform.engine.support.hierarchical.NodeTestTask.executeRecursively(NodeTestTask.java:138)
	at org.junit.platform.engine.support.hierarchical.NodeTestTask.execute(NodeTestTask.java:95)
	at org.junit.platform.engine.support.hierarchical.SameThreadHierarchicalTestExecutorService.submit(SameThreadHierarchicalTestExecutorService.java:35)
	at org.junit.platform.engine.support.hierarchical.HierarchicalTestExecutor.execute(HierarchicalTestExecutor.java:57)
	at org.junit.platform.engine.support.hierarchical.HierarchicalTestEngine.execute(HierarchicalTestEngine.java:54)
	at org.junit.platform.launcher.core.EngineExecutionOrchestrator.execute(EngineExecutionOrchestrator.java:198)
	at org.junit.platform.launcher.core.EngineExecutionOrchestrator.execute(EngineExecutionOrchestrator.java:169)
	at org.junit.platform.launcher.core.EngineExecutionOrchestrator.execute(EngineExecutionOrchestrator.java:93)
	at org.junit.platform.launcher.core.EngineExecutionOrchestrator.lambda$execute$0(EngineExecutionOrchestrator.java:58)
	at org.junit.platform.launcher.core.EngineExecutionOrchestrator.withInterceptedStreams(EngineExecutionOrchestrator.java:141)
	at org.junit.platform.launcher.core.EngineExecutionOrchestrator.execute(EngineExecutionOrchestrator.java:57)
	at org.junit.platform.launcher.core.DefaultLauncher.execute(DefaultLauncher.java:103)
	at org.junit.platform.launcher.core.DefaultLauncher.execute(DefaultLauncher.java:85)
	at org.junit.platform.launcher.core.DelegatingLauncher.execute(DelegatingLauncher.java:47)
	at org.apache.maven.surefire.junitplatform.LazyLauncher.execute(LazyLauncher.java:56)
	at org.apache.maven.surefire.junitplatform.JUnitPlatformProvider.execute(JUnitPlatformProvider.java:184)
	at org.apache.maven.surefire.junitplatform.JUnitPlatformProvider.invokeAllTests(JUnitPlatformProvider.java:148)
	at org.apache.maven.surefire.junitplatform.JUnitPlatformProvider.invoke(JUnitPlatformProvider.java:122)
	at org.apache.maven.surefire.booter.ForkedBooter.runSuitesInProcess(ForkedBooter.java:385)
	at org.apache.maven.surefire.booter.ForkedBooter.execute(ForkedBooter.java:162)
	at org.apache.maven.surefire.booter.ForkedBooter.run(ForkedBooter.java:507)
	at org.apache.maven.surefire.booter.ForkedBooter.main(ForkedBooter.java:495)
2025-12-31 14:13:17 [main] WARN  c.r.r.core.utils.FileUtils - Directory does not exist: c:\raks\apiguard\raksanalyzer\testdata\customerOrder
2025-12-31 14:13:17 [main] WARN  c.r.r.core.utils.FileUtils - Directory does not exist: c:\raks\apiguard\raksanalyzer\testdata\customerOrder
2025-12-31 14:13:17 [main] WARN  c.r.r.core.utils.FileUtils - Directory does not exist: c:\raks\apiguard\raksanalyzer\testdata\customerOrder
2025-12-31 14:13:17 [main] WARN  c.r.r.core.utils.FileUtils - Directory does not exist: c:\raks\apiguard\raksanalyzer\testdata\customerOrder
2025-12-31 14:13:17 [main] WARN  c.r.r.core.utils.FileUtils - Directory does not exist: c:\raks\apiguard\raksanalyzer\testdata\customerOrder
2025-12-31 14:13:17 [main] WARN  c.r.r.core.utils.FileUtils - Directory does not exist: c:\raks\apiguard\raksanalyzer\testdata\customerOrder
2025-12-31 14:13:17 [main] WARN  c.r.r.core.utils.FileUtils - Directory does not exist: c:\raks\apiguard\raksanalyzer\testdata\customerOrder
2025-12-31 14:13:17 [main] WARN  c.r.r.core.utils.FileUtils - Directory does not exist: c:\raks\apiguard\raksanalyzer\testdata\customerOrder
2025-12-31 14:13:17 [main] WARN  c.r.r.core.utils.FileUtils - Directory does not exist: c:\raks\apiguard\raksanalyzer\testdata\customerOrder
2025-12-31 14:13:17 [main] WARN  c.r.r.core.utils.FileUtils - Directory does not exist: c:\raks\apiguard\raksanalyzer\testdata\customerOrder
2025-12-31 14:13:17 [main] WARN  c.r.r.core.utils.FileUtils - Directory does not exist: c:\raks\apiguard\raksanalyzer\testdata\customerOrder
2025-12-31 14:13:17 [main] WARN  c.r.r.core.utils.FileUtils - Directory does not exist: c:\raks\apiguard\raksanalyzer\testdata\customerOrder
2025-12-31 14:13:17 [main] WARN  c.r.r.core.utils.FileUtils - Directory does not exist: c:\raks\apiguard\raksanalyzer\testdata\customerOrder
2025-12-31 14:13:17 [main] WARN  c.r.r.core.utils.FileUtils - Directory does not exist: c:\raks\apiguard\raksanalyzer\testdata\customerOrder
2025-12-31 14:13:17 [main] WARN  c.r.r.core.utils.FileUtils - Directory does not exist: c:\raks\apiguard\raksanalyzer\testdata\customerOrder
2025-12-31 14:13:17 [main] WARN  c.r.r.core.utils.FileUtils - Directory does not exist: c:\raks\apiguard\raksanalyzer\testdata\customerOrder
2025-12-31 14:13:17 [main] WARN  c.r.r.core.utils.FileUtils - Directory does not exist: c:\raks\apiguard\raksanalyzer\testdata\customerOrder
2025-12-31 14:13:17 [main] WARN  c.r.r.core.utils.FileUtils - Directory does not exist: c:\raks\apiguard\raksanalyzer\testdata\customerOrder
2025-12-31 14:13:17 [main] WARN  c.r.r.core.utils.FileUtils - Directory does not exist: c:\raks\apiguard\raksanalyzer\testdata\customerOrder
2025-12-31 14:13:17 [main] WARN  c.r.r.core.utils.FileUtils - Directory does not exist: c:\raks\apiguard\raksanalyzer\testdata\customerOrder
2025-12-31 14:13:17 [main] WARN  c.r.r.core.utils.FileUtils - Directory does not exist: c:\raks\apiguard\raksanalyzer\testdata\customerOrder
2025-12-31 14:13:17 [main] WARN  c.r.r.core.utils.FileUtils - Directory does not exist: c:\raks\apiguard\raksanalyzer\testdata\customerOrder
2025-12-31 14:13:17 [main] WARN  c.r.r.core.utils.FileUtils - Directory does not exist: c:\raks\apiguard\raksanalyzer\testdata\customerOrder
2025-12-31 14:13:17 [main] WARN  c.r.r.core.utils.FileUtils - Directory does not exist: c:\raks\apiguard\raksanalyzer\testdata\customerOrder
2025-12-31 14:13:17 [main] WARN  c.r.r.core.utils.FileUtils - Directory does not exist: c:\raks\apiguard\raksanalyzer\testdata\customerOrder
2025-12-31 14:13:17 [main] WARN  c.r.r.core.utils.FileUtils - Directory does not exist: c:\raks\apiguard\raksanalyzer\testdata\customerOrder
2025-12-31 14:13:17 [main] WARN  c.r.r.core.utils.FileUtils - Directory does not exist: c:\raks\apiguard\raksanalyzer\testdata\customerOrder
2025-12-31 14:13:17 [main] WARN  c.r.r.core.utils.FileUtils - Directory does not exist: c:\raks\apiguard\raksanalyzer\testdata\customerOrder
2025-12-31 14:13:17 [main] WARN  c.r.r.core.utils.FileUtils - Directory does not exist: c:\raks\apiguard\raksanalyzer\testdata\customerOrder
2025-12-31 14:13:17 [main] WARN  c.r.r.core.utils.FileUtils - Directory does not exist: c:\raks\apiguard\raksanalyzer\testdata\customerOrder
2025-12-31 14:13:17 [main] WARN  c.r.r.core.utils.FileUtils - Directory does not exist: c:\raks\apiguard\raksanalyzer\testdata\customerOrder
2025-12-31 14:13:17 [main] WARN  c.r.r.core.utils.FileUtils - Directory does not exist: c:\raks\apiguard\raksanalyzer\testdata\customerOrder
2025-12-31 14:13:17 [main] WARN  c.r.r.core.utils.FileUtils - Directory does not exist: c:\raks\apiguard\raksanalyzer\testdata\customerOrder
2025-12-31 14:13:17 [main] WARN  c.r.r.core.utils.FileUtils - Directory does not exist: c:\raks\apiguard\raksanalyzer\testdata\customerOrder
2025-12-31 14:13:17 [main] WARN  c.r.r.core.utils.FileUtils - Directory does not exist: c:\raks\apiguard\raksanalyzer\testdata\customerOrder
2025-12-31 14:13:17 [main] WARN  c.r.r.core.utils.FileUtils - Directory does not exist: c:\raks\apiguard\raksanalyzer\testdata\customerOrder
2025-12-31 14:13:17 [main] WARN  c.r.r.core.utils.FileUtils - Directory does not exist: c:\raks\apiguard\raksanalyzer\testdata\customerOrder
2025-12-31 14:13:17 [main] WARN  c.r.r.core.utils.FileUtils - Directory does not exist: c:\raks\apiguard\raksanalyzer\testdata\customerOrder
2025-12-31 14:13:17 [main] WARN  c.r.r.core.utils.FileUtils - Directory does not exist: c:\raks\apiguard\raksanalyzer\testdata\customerOrder
2025-12-31 14:13:17 [main] WARN  c.r.r.core.utils.FileUtils - Directory does not exist: c:\raks\apiguard\raksanalyzer\testdata\customerOrder
2025-12-31 14:13:17 [main] WARN  c.r.r.core.utils.FileUtils - Directory does not exist: c:\raks\apiguard\raksanalyzer\testdata\customerOrder
2025-12-31 14:13:17 [main] WARN  c.r.r.core.utils.FileUtils - Directory does not exist: c:\raks\apiguard\raksanalyzer\testdata\customerOrder
2025-12-31 14:13:17 [main] WARN  c.r.r.core.utils.FileUtils - Directory does not exist: c:\raks\apiguard\raksanalyzer\testdata\customerOrder
2025-12-31 14:13:17 [main] WARN  c.r.r.core.utils.FileUtils - Directory does not exist: c:\raks\apiguard\raksanalyzer\testdata\customerOrder
2025-12-31 14:13:17 [main] WARN  c.r.r.core.utils.FileUtils - Directory does not exist: c:\raks\apiguard\raksanalyzer\testdata\customerOrder
2025-12-31 14:13:17 [main] INFO  c.r.r.analyzer.tibco.TibcoAnalyzer - Found and parsed 0 resources/connections
2025-12-31 14:13:17 [main] INFO  c.r.r.analyzer.tibco.TibcoAnalyzer - Identified 0 adapter types and 0 plugin types
2025-12-31 14:13:17 [main] WARN  c.r.r.core.utils.FileUtils - Directory does not exist: c:\raks\apiguard\raksanalyzer\testdata\customerOrder
2025-12-31 14:13:17 [main] INFO  c.r.r.analyzer.tibco.TibcoAnalyzer - Tibco BW5 analysis completed successfully
[ERROR] Tests run: 1, Failures: 1, Errors: 0, Skipped: 0, Time elapsed: 0.135 s <<< FAILURE! -- in com.raks.raksanalyzer.manual.ManualTibcoAnalysisTest
[ERROR] com.raks.raksanalyzer.manual.ManualTibcoAnalysisTest.generateFullTibcoReport -- Time elapsed: 0.127 s <<< FAILURE!
org.opentest4j.AssertionFailedError: Should have found flows ==> expected: <false> but was: <true>
	at org.junit.jupiter.api.AssertionFailureBuilder.build(AssertionFailureBuilder.java:151)
	at org.junit.jupiter.api.AssertionFailureBuilder.buildAndThrow(AssertionFailureBuilder.java:132)
	at org.junit.jupiter.api.AssertFalse.failNotFalse(AssertFalse.java:63)
	at org.junit.jupiter.api.AssertFalse.assertFalse(AssertFalse.java:36)
	at org.junit.jupiter.api.Assertions.assertFalse(Assertions.java:239)
	at com.raks.raksanalyzer.manual.ManualTibcoAnalysisTest.generateFullTibcoReport(ManualTibcoAnalysisTest.java:16)
	at java.base/java.lang.reflect.Method.invoke(Method.java:568)
	at java.base/java.util.ArrayList.forEach(ArrayList.java:1511)
	at java.base/java.util.ArrayList.forEach(ArrayList.java:1511)

[INFO] Running com.raks.raksanalyzer.manual.VerifyDiagramsTest
2025-12-31 14:13:18 [main] INFO  c.r.r.analyzer.mule.MuleAnalyzer - Starting Folder-Based Mule Analysis: c:\raks\apiguard\raksanalyzer\testdata\testmule1
2025-12-31 14:13:18 [main] INFO  c.r.r.core.analyzer.ProjectCrawler - Crawling project structure from: c:\raks\apiguard\raksanalyzer\testdata\testmule1
2025-12-31 14:13:18 [main] INFO  c.r.r.analyzer.mule.MuleAnalyzer - Found 0 properties/yaml files to parse
2025-12-31 14:13:18 [main] INFO  c.r.r.analyzer.mule.MuleAnalyzer - Total properties parsed: 0
2025-12-31 14:13:18 [main] INFO  c.r.r.analyzer.mule.MuleAnalyzer - Starting connection details enrichment
2025-12-31 14:13:18 [main] WARN  c.r.r.core.utils.PropertyResolver - Property directory does not exist: c:\raks\apiguard\raksanalyzer\testdata\testmule1\src\main\resources
2025-12-31 14:13:18 [main] INFO  c.r.r.analyzer.mule.MuleAnalyzer - Loaded 0 property files from project
2025-12-31 14:13:18 [main] INFO  c.r.r.analyzer.mule.MuleAnalyzer - Loaded 0 connector configs
2025-12-31 14:13:18 [main] INFO  c.r.r.c.c.ConnectorDetailExtractorFactory - Initialized ConnectorDetailExtractorFactory with 11 extractors
2025-12-31 14:13:18 [main] INFO  c.r.r.analyzer.mule.MuleAnalyzer - Connection details enrichment completed
2025-12-31 14:13:18 [main] INFO  c.r.r.analyzer.mule.MuleAnalyzer - Resolving properties in connector configurations
2025-12-31 14:13:18 [main] WARN  c.r.r.core.utils.PropertyResolver - Property directory does not exist: c:\raks\apiguard\raksanalyzer\testdata\testmule1\src\main\resources
2025-12-31 14:13:18 [main] INFO  c.r.r.analyzer.mule.MuleAnalyzer - Loaded 0 properties from pattern: src/main/resources/*.properties
2025-12-31 14:13:18 [main] WARN  c.r.r.core.utils.PropertyResolver - Property directory does not exist: c:\raks\apiguard\raksanalyzer\testdata\testmule1\classes
2025-12-31 14:13:18 [main] INFO  c.r.r.analyzer.mule.MuleAnalyzer - Loaded 0 properties from classes/ directory
2025-12-31 14:13:18 [main] WARN  c.r.r.core.utils.PropertyResolver - Property directory does not exist: c:\raks\apiguard\raksanalyzer\testdata\testmule1
2025-12-31 14:13:18 [main] INFO  c.r.r.analyzer.mule.MuleAnalyzer - Loaded 0 properties from root directory
2025-12-31 14:13:18 [main] INFO  c.r.r.analyzer.mule.MuleAnalyzer - Property resolution completed
2025-12-31 14:13:18 [main] INFO  c.r.r.analyzer.mule.MuleAnalyzer - Analysis completed successfully
2025-12-31 14:13:18 [main] INFO  c.r.r.analyzer.mule.MuleAnalyzer - Starting Folder-Based Mule Analysis: c:\raks\apiguard\raksanalyzer\testdata\testmule1
2025-12-31 14:13:18 [main] INFO  c.r.r.core.analyzer.ProjectCrawler - Crawling project structure from: c:\raks\apiguard\raksanalyzer\testdata\testmule1
2025-12-31 14:13:18 [main] INFO  c.r.r.analyzer.mule.MuleAnalyzer - Found 0 properties/yaml files to parse
2025-12-31 14:13:18 [main] INFO  c.r.r.analyzer.mule.MuleAnalyzer - Total properties parsed: 0
2025-12-31 14:13:18 [main] INFO  c.r.r.analyzer.mule.MuleAnalyzer - Starting connection details enrichment
2025-12-31 14:13:18 [main] WARN  c.r.r.core.utils.PropertyResolver - Property directory does not exist: c:\raks\apiguard\raksanalyzer\testdata\testmule1\src\main\resources
2025-12-31 14:13:18 [main] INFO  c.r.r.analyzer.mule.MuleAnalyzer - Loaded 0 property files from project
2025-12-31 14:13:18 [main] INFO  c.r.r.analyzer.mule.MuleAnalyzer - Loaded 0 connector configs
2025-12-31 14:13:18 [main] INFO  c.r.r.c.c.ConnectorDetailExtractorFactory - Initialized ConnectorDetailExtractorFactory with 11 extractors
2025-12-31 14:13:18 [main] INFO  c.r.r.analyzer.mule.MuleAnalyzer - Connection details enrichment completed
2025-12-31 14:13:18 [main] INFO  c.r.r.analyzer.mule.MuleAnalyzer - Resolving properties in connector configurations
2025-12-31 14:13:18 [main] WARN  c.r.r.core.utils.PropertyResolver - Property directory does not exist: c:\raks\apiguard\raksanalyzer\testdata\testmule1\src\main\resources
2025-12-31 14:13:18 [main] INFO  c.r.r.analyzer.mule.MuleAnalyzer - Loaded 0 properties from pattern: src/main/resources/*.properties
2025-12-31 14:13:18 [main] WARN  c.r.r.core.utils.PropertyResolver - Property directory does not exist: c:\raks\apiguard\raksanalyzer\testdata\testmule1\classes
2025-12-31 14:13:18 [main] INFO  c.r.r.analyzer.mule.MuleAnalyzer - Loaded 0 properties from classes/ directory
2025-12-31 14:13:18 [main] WARN  c.r.r.core.utils.PropertyResolver - Property directory does not exist: c:\raks\apiguard\raksanalyzer\testdata\testmule1
2025-12-31 14:13:18 [main] INFO  c.r.r.analyzer.mule.MuleAnalyzer - Loaded 0 properties from root directory
2025-12-31 14:13:18 [main] INFO  c.r.r.analyzer.mule.MuleAnalyzer - Property resolution completed
2025-12-31 14:13:18 [main] INFO  c.r.r.analyzer.mule.MuleAnalyzer - Analysis completed successfully
Found 0 flows.
[ERROR] Tests run: 2, Failures: 2, Errors: 0, Skipped: 0, Time elapsed: 0.471 s <<< FAILURE! -- in com.raks.raksanalyzer.manual.VerifyDiagramsTest
[ERROR] com.raks.raksanalyzer.manual.VerifyDiagramsTest.verifyFullFlowDiagram -- Time elapsed: 0.425 s <<< FAILURE!
org.opentest4j.AssertionFailedError: testmule1Flow1 not found ==> expected: not <null>
	at org.junit.jupiter.api.AssertionFailureBuilder.build(AssertionFailureBuilder.java:152)
	at org.junit.jupiter.api.AssertionFailureBuilder.buildAndThrow(AssertionFailureBuilder.java:132)
	at org.junit.jupiter.api.AssertNotNull.failNull(AssertNotNull.java:49)
	at org.junit.jupiter.api.AssertNotNull.assertNotNull(AssertNotNull.java:35)
	at org.junit.jupiter.api.Assertions.assertNotNull(Assertions.java:312)
	at com.raks.raksanalyzer.manual.VerifyDiagramsTest.verifyFullFlowDiagram(VerifyDiagramsTest.java:58)
	at java.base/java.lang.reflect.Method.invoke(Method.java:568)
	at java.base/java.util.ArrayList.forEach(ArrayList.java:1511)
	at java.base/java.util.ArrayList.forEach(ArrayList.java:1511)

[ERROR] com.raks.raksanalyzer.manual.VerifyDiagramsTest.testIntegrationDiagramGeneration -- Time elapsed: 0.028 s <<< FAILURE!
org.opentest4j.AssertionFailedError: testmule1Flow2 not found ==> expected: not <null>
	at org.junit.jupiter.api.AssertionFailureBuilder.build(AssertionFailureBuilder.java:152)
	at org.junit.jupiter.api.AssertionFailureBuilder.buildAndThrow(AssertionFailureBuilder.java:132)
	at org.junit.jupiter.api.AssertNotNull.failNull(AssertNotNull.java:49)
	at org.junit.jupiter.api.AssertNotNull.assertNotNull(AssertNotNull.java:35)
	at org.junit.jupiter.api.Assertions.assertNotNull(Assertions.java:312)
	at com.raks.raksanalyzer.manual.VerifyDiagramsTest.testIntegrationDiagramGeneration(VerifyDiagramsTest.java:34)
	at java.base/java.lang.reflect.Method.invoke(Method.java:568)
	at java.base/java.util.ArrayList.forEach(ArrayList.java:1511)
	at java.base/java.util.ArrayList.forEach(ArrayList.java:1511)

[INFO] Running com.raks.raksanalyzer.manual.VerifyTibcoDiagramsTest
2025-12-31 14:13:18 [main] INFO  c.r.r.g.tibco.TibcoDiagramGenerator - Loaded 32 connector patterns: [.jms., .jdbc., .file., .soap., .http., .mail., .ftp., .tcp., .ae., .json., .rv., getsharedvariable, setsharedvariable, getjobsharedvariable, setjobsharedvariable, sleepactivity, enginecommandactivity, javaactivity, javamethodactivity, javaevent, aesubscriberactivity, aerpcserveractivity, restadapteractivity, aepublisheractivity, xmlrendereractivity, xmlparseractivity, javatoxmlactivity, xmltojavaactivity, httpsignalinactivity, httpevent, HttpRequestActivity, HTTPSignalInActivity]
2025-12-31 14:13:18 [main] INFO  c.r.r.g.tibco.TibcoDiagramGenerator - Loaded 1 exclude patterns: []
--- Generated PUML (Startup) ---
@startuml
rectangle "File Not Found: Service/Initialization_onstartup.process"
@enduml
[ERROR] Tests run: 1, Failures: 1, Errors: 0, Skipped: 0, Time elapsed: 0.027 s <<< FAILURE! -- in com.raks.raksanalyzer.manual.VerifyTibcoDiagramsTest
[ERROR] com.raks.raksanalyzer.manual.VerifyTibcoDiagramsTest.testTibcoIntegrationDiagramRecursion -- Time elapsed: 0.025 s <<< FAILURE!
org.opentest4j.AssertionFailedError: Should contain visual node for onStartup starter ==> expected: <true> but was: <false>
	at org.junit.jupiter.api.AssertionFailureBuilder.build(AssertionFailureBuilder.java:151)
	at org.junit.jupiter.api.AssertionFailureBuilder.buildAndThrow(AssertionFailureBuilder.java:132)
	at org.junit.jupiter.api.AssertTrue.failNotTrue(AssertTrue.java:63)
	at org.junit.jupiter.api.AssertTrue.assertTrue(AssertTrue.java:36)
	at org.junit.jupiter.api.Assertions.assertTrue(Assertions.java:214)
	at com.raks.raksanalyzer.manual.VerifyTibcoDiagramsTest.testTibcoIntegrationDiagramRecursion(VerifyTibcoDiagramsTest.java:14)
	at java.base/java.lang.reflect.Method.invoke(Method.java:568)
	at java.base/java.util.ArrayList.forEach(ArrayList.java:1511)
	at java.base/java.util.ArrayList.forEach(ArrayList.java:1511)

[INFO] 
[INFO] Results:
[INFO] 
[ERROR] Failures: 
[ERROR]   ManualTibcoAnalysisTest.generateFullTibcoReport:16 Should have found flows ==> expected: <false> but was: <true>
[ERROR]   VerifyDiagramsTest.testIntegrationDiagramGeneration:34 testmule1Flow2 not found ==> expected: not <null>
[ERROR]   VerifyDiagramsTest.verifyFullFlowDiagram:58 testmule1Flow1 not found ==> expected: not <null>
[ERROR]   VerifyTibcoDiagramsTest.testTibcoIntegrationDiagramRecursion:14 Should contain visual node for onStartup starter ==> expected: <true> but was: <false>
[INFO] 
[ERROR] Tests run: 23, Failures: 4, Errors: 0, Skipped: 0
[INFO] 
[INFO] ------------------------------------------------------------------------
[INFO] BUILD FAILURE
[INFO] ------------------------------------------------------------------------
[INFO] Total time:  10.746 s
[INFO] Finished at: 2025-12-31T14:13:18-06:00
[INFO] ------------------------------------------------------------------------
[ERROR] Failed to execute goal org.apache.maven.plugins:maven-surefire-plugin:3.2.5:test (default-test) on project raksanalyzer: There are test failures.
[ERROR] 
[ERROR] Please refer to C:\raks\apiguard\raksanalyzer\target\surefire-reports for the individual test results.
[ERROR] Please refer to dump files (if any exist) [date].dump, [date]-jvmRun[N].dump and [date].dumpstream.
[ERROR] -> [Help 1]
[ERROR] 
[ERROR] To see the full stack trace of the errors, re-run Maven with the -e switch.
[ERROR] Re-run Maven using the -X switch to enable full debug logging.
[ERROR] 
[ERROR] For more information about the errors and possible solutions, please read the following articles:
[ERROR] [Help 1] http://cwiki.apache.org/confluence/display/MAVEN/MojoFailureException
